========== LINES PROCESSED: 33600 of font # 7 ==========
Rendered page 0 to file gt/ckb/24_Sarchia_Bayan/24_Sarchia_Bayan.300.33700.exp0.tif
Tesseract Open Source OCR Engine v5.0.0-alpha-820-ge20f with Leptonica
Page 1
Rendered page 0 to file gt/ckb-200/24_Sarchia_Bayan/24_Sarchia_Bayan.200.33700.exp0.tif
Tesseract Open Source OCR Engine v5.0.0-alpha-820-ge20f with Leptonica
Page 1
========== LINES PROCESSED: 33700 of font # 7 ==========
Rendered page 0 to file gt/ckb/24_Sarchia_Bayan/24_Sarchia_Bayan.300.33800.exp0.tif
Tesseract Open Source OCR Engine v5.0.0-alpha-820-ge20f with Leptonica
Page 1
Rendered page 0 to file gt/ckb-200/24_Sarchia_Bayan/24_Sarchia_Bayan.200.33800.exp0.tif
Tesseract Open Source OCR Engine v5.0.0-alpha-820-ge20f with Leptonica
Page 1
========== LINES PROCESSED: 33800 of font # 7 ==========
Rendered page 0 to file gt/ckb/24_Sarchia_Bayan/24_Sarchia_Bayan.300.33900.exp0.tif
Tesseract Open Source OCR Engine v5.0.0-alpha-820-ge20f with Leptonica
Page 1
Rendered page 0 to file gt/ckb-200/24_Sarchia_Bayan/24_Sarchia_Bayan.200.33900.exp0.tif
Tesseract Open Source OCR Engine v5.0.0-alpha-820-ge20f with Leptonica
Page 1
========== LINES PROCESSED: 33900 of font # 7 ==========
Rendered page 0 to file gt/ckb/24_Sarchia_Bayan/24_Sarchia_Bayan.300.34000.exp0.tif
Tesseract Open Source OCR Engine v5.0.0-alpha-820-ge20f with Leptonica
Page 1
Rendered page 0 to file gt/ckb-200/24_Sarchia_Bayan/24_Sarchia_Bayan.200.34000.exp0.tif
Tesseract Open Source OCR Engine v5.0.0-alpha-820-ge20f with Leptonica
Page 1
========== LINES PROCESSED: 34000 of font # 7 ==========
Rendered page 0 to file gt/ckb/24_Sarchia_Bayan/24_Sarchia_Bayan.300.34100.exp0.tif
Tesseract Open Source OCR Engine v5.0.0-alpha-820-ge20f with Leptonica
Page 1
Rendered page 0 to file gt/ckb-200/24_Sarchia_Bayan/24_Sarchia_Bayan.200.34100.exp0.tif
Tesseract Open Source OCR Engine v5.0.0-alpha-820-ge20f with Leptonica
Page 1
========== LINES PROCESSED: 34100 of font # 7 ==========
Rendered page 0 to file gt/ckb/24_Sarchia_Bayan/24_Sarchia_Bayan.300.34200.exp0.tif
Tesseract Open Source OCR Engine v5.0.0-alpha-820-ge20f with Leptonica
Page 1
Rendered page 0 to file gt/ckb-200/24_Sarchia_Bayan/24_Sarchia_Bayan.200.34200.exp0.tif
Tesseract Open Source OCR Engine v5.0.0-alpha-820-ge20f with Leptonica
Page 1
========== LINES PROCESSED: 34200 of font # 7 ==========
Rendered page 0 to file gt/ckb/24_Sarchia_Bayan/24_Sarchia_Bayan.300.34300.exp0.tif
Tesseract Open Source OCR Engine v5.0.0-alpha-820-ge20f with Leptonica
Page 1
Rendered page 0 to file gt/ckb-200/24_Sarchia_Bayan/24_Sarchia_Bayan.200.34300.exp0.tif
Tesseract Open Source OCR Engine v5.0.0-alpha-820-ge20f with Leptonica
Page 1
========== LINES PROCESSED: 34300 of font # 7 ==========