Tesseract Open Source OCR Engine v5.0.0-alpha-820-ge20f with Leptonica
Page 1
Rendered page 0 to file gt/ckb-200/40_Sarchia_Hang/40_Sarchia_Hang.200.34000.exp0.tif
Tesseract Open Source OCR Engine v5.0.0-alpha-820-ge20f with Leptonica
Page 1
========== LINES PROCESSED: 34000 of font # 7 ==========
Rendered page 0 to file gt/ckb/40_Sarchia_Hang/40_Sarchia_Hang.300.34100.exp0.tif
Tesseract Open Source OCR Engine v5.0.0-alpha-820-ge20f with Leptonica
Page 1
Rendered page 0 to file gt/ckb-200/40_Sarchia_Hang/40_Sarchia_Hang.200.34100.exp0.tif
Tesseract Open Source OCR Engine v5.0.0-alpha-820-ge20f with Leptonica
Page 1
========== LINES PROCESSED: 34100 of font # 7 ==========
Rendered page 0 to file gt/ckb/40_Sarchia_Hang/40_Sarchia_Hang.300.34200.exp0.tif
Tesseract Open Source OCR Engine v5.0.0-alpha-820-ge20f with Leptonica
Page 1
Rendered page 0 to file gt/ckb-200/40_Sarchia_Hang/40_Sarchia_Hang.200.34200.exp0.tif
Tesseract Open Source OCR Engine v5.0.0-alpha-820-ge20f with Leptonica
Page 1
========== LINES PROCESSED: 34200 of font # 7 ==========
Rendered page 0 to file gt/ckb/40_Sarchia_Hang/40_Sarchia_Hang.300.34300.exp0.tif
Tesseract Open Source OCR Engine v5.0.0-alpha-820-ge20f with Leptonica
Page 1
Rendered page 0 to file gt/ckb-200/40_Sarchia_Hang/40_Sarchia_Hang.200.34300.exp0.tif
Tesseract Open Source OCR Engine v5.0.0-alpha-820-ge20f with Leptonica
Page 1
========== LINES PROCESSED: 34300 of font # 7 ==========
Rendered page 0 to file gt/ckb/40_Sarchia_Hang/40_Sarchia_Hang.300.34400.exp0.tif
Tesseract Open Source OCR Engine v5.0.0-alpha-820-ge20f with Leptonica
Page 1
Rendered page 0 to file gt/ckb-200/40_Sarchia_Hang/40_Sarchia_Hang.200.34400.exp0.tif
Tesseract Open Source OCR Engine v5.0.0-alpha-820-ge20f with Leptonica
Page 1
========== LINES PROCESSED: 34400 of font # 7 ==========
Rendered page 0 to file gt/ckb/40_Sarchia_Hang/40_Sarchia_Hang.300.34500.exp0.tif
Tesseract Open Source OCR Engine v5.0.0-alpha-820-ge20f with Leptonica
Page 1
Rendered page 0 to file gt/ckb-200/40_Sarchia_Hang/40_Sarchia_Hang.200.34500.exp0.tif
Tesseract Open Source OCR Engine v5.0.0-alpha-820-ge20f with Leptonica
Page 1
========== LINES PROCESSED: 34500 of font # 7 ==========
WARNING: Dropped 1 uncovered characters
Rendered page 0 to file gt/ckb/40_Sarchia_Hang/40_Sarchia_Hang.300.34600.exp0.tif
Tesseract Open Source OCR Engine v5.0.0-alpha-820-ge20f with Leptonica
Page 1
WARNING: Dropped 1 uncovered characters
Rendered page 0 to file gt/ckb-200/40_Sarchia_Hang/40_Sarchia_Hang.200.34600.exp0.tif
Tesseract Open Source OCR Engine v5.0.0-alpha-820-ge20f with Leptonica
Page 1
========== LINES PROCESSED: 34600 of font # 7 ==========
